[0605/161400.869:ERROR:process_memory_win.cc(73)] ReadMemory at 0x1b650140000 of 64 bytes failed: Only part of a ReadProcessMemory or WriteProcessMemory request was completed. (0x12B)
[0605/161400.870:WARNING:pe_image_reader.cc(340)] could not read dos header from C:\Windows\System32\IMM32.DLL
[0605/161400.870:ERROR:process_memory_win.cc(73)] ReadMemory at 0x1b64e6a4f80 of 72 bytes failed: Only part of a ReadProcessMemory or WriteProcessMemory request was completed. (0x12B)
[0605/161400.870:WARNING:pe_image_annotations_reader.cc(134)] could not read annotations list object in C:\Program Files (x86)\Google\Chrome\Application\83.0.4103.61\chrome_elf.dll
[0605/161400.871:ERROR:process_memory_win.cc(73)] ReadMemory at 0x1b64e9f55a0 of 72 bytes failed: Only part of a ReadProcessMemory or WriteProcessMemory request was completed. (0x12B)
[0605/161400.871:WARNING:pe_image_annotations_reader.cc(134)] could not read annotations list object in C:\Program Files (x86)\Google\Chrome\Application\83.0.4103.61\chrome.dll
[0605/161400.872:ERROR:process_memory_win.cc(73)] ReadMemory at 0x1b650140000 of 64 bytes failed: Only part of a ReadProcessMemory or WriteProcessMemory request was completed. (0x12B)
[0605/161400.872:WARNING:pe_image_reader.cc(340)] could not read dos header from C:\Windows\System32\IMM32.DLL
[0605/161400.872:ERROR:process_memory_win.cc(73)] ReadMemory at 0x1b650140000 of 64 bytes failed: Only part of a ReadProcessMemory or WriteProcessMemory request was completed. (0x12B)
[0605/161400.872:WARNING:pe_image_reader.cc(340)] could not read dos header from C:\Windows\System32\IMM32.DLL
[0605/161400.933:ERROR:process_memory_win.cc(73)] ReadMemory at 0x7ff7e5200000 of 64 bytes failed: Only part of a ReadProcessMemory or WriteProcessMemory request was completed. (0x12B)
[0605/161400.933:WARNING:pe_image_reader.cc(340)] could not read dos header from C:\Program Files (x86)\Google\Chrome\Application\chrome.exe
[0605/161400.933:ERROR:process_memory_win.cc(73)] ReadMemory at 0x7ffb700e0000 of 64 bytes failed: Only part of a ReadProcessMemory or WriteProcessMemory request was completed. (0x12B)
[0605/161400.933:WARNING:pe_image_reader.cc(340)] could not read dos header from C:\Windows\SYSTEM32\ntdll.dll
[0605/161400.933:ERROR:process_memory_win.cc(73)] ReadMemory at 0x7ffb6ffc0000 of 64 bytes failed: Only part of a ReadProcessMemory or WriteProcessMemory request was completed. (0x12B)
[0605/161400.933:WARNING:pe_image_reader.cc(340)] could not read dos header from C:\Windows\System32\KERNEL32.DLL
[0605/161400.933:ERROR:process_memory_win.cc(73)] ReadMemory at 0x7ffb6d430000 of 64 bytes failed: Only part of a ReadProcessMemory or WriteProcessMemory request was completed. (0x12B)
[0605/161400.933:WARNING:pe_image_reader.cc(340)] could not read dos header from C:\Windows\System32\KERNELBASE.dll
[0605/161400.933:ERROR:process_memory_win.cc(73)] ReadMemory at 0x7ffb47cd0000 of 64 bytes failed: Only part of a ReadProcessMemory or WriteProcessMemory request was completed. (0x12B)
[0605/161400.933:WARNING:pe_image_reader.cc(340)] could not read dos header from C:\Program Files (x86)\Google\Chrome\Application\83.0.4103.61\chrome_elf.dll
[0605/161400.933:ERROR:process_memory_win.cc(73)] ReadMemory at 0x7ffb65850000 of 64 bytes failed: Only part of a ReadProcessMemory or WriteProcessMemory request was completed. (0x12B)
[0605/161400.933:WARNING:pe_image_reader.cc(340)] could not read dos header from C:\Windows\SYSTEM32\VERSION.dll
[0605/161400.933:ERROR:process_memory_win.cc(73)] ReadMemory at 0x7ffb6edc0000 of 64 bytes failed: Only part of a ReadProcessMemory or WriteProcessMemory request was completed. (0x12B)
[0605/161400.933:WARNING:pe_image_reader.cc(340)] could not read dos header from C:\Windows\System32\msvcrt.dll
[0605/161400.933:ERROR:process_memory_win.cc(73)] ReadMemory at 0x7ffb6e080000 of 64 bytes failed: Only part of a ReadProcessMemory or WriteProcessMemory request was completed. (0x12B)
[0605/161400.933:WARNING:pe_image_reader.cc(340)] could not read dos header from C:\Windows\System32\bcryptPrimitives.dll
[0605/161400.933:ERROR:process_memory_win.cc(73)] ReadMemory at 0x7ffb6ff00000 of 64 bytes failed: Only part of a ReadProcessMemory or WriteProcessMemory request was completed. (0x12B)
[0605/161400.933:WARNING:pe_image_reader.cc(340)] could not read dos header from C:\Windows\System32\ADVAPI32.dll
[0605/161400.934:ERROR:process_memory_win.cc(73)] ReadMemory at 0x7ffb6fc50000 of 64 bytes failed: Only part of a ReadProcessMemory or WriteProcessMemory request was completed. (0x12B)
[0605/161400.934:WARNING:pe_image_reader.cc(340)] could not read dos header from C:\Windows\System32\sechost.dll
[0605/161400.934:ERROR:process_memory_win.cc(73)] ReadMemory at 0x7ffb6ee60000 of 64 bytes failed: Only part of a ReadProcessMemory or WriteProcessMemory request was completed. (0x12B)
[0605/161400.934:WARNING:pe_image_reader.cc(340)] could not read dos header from C:\Windows\System32\RPCRT4.dll
[0605/161400.934:ERROR:process_memory_win.cc(73)] ReadMemory at 0x7ffae6fc0000 of 64 bytes failed: Only part of a ReadProcessMemory or WriteProcessMemory request was completed. (0x12B)
[0605/161400.934:WARNING:pe_image_reader.cc(340)] could not read dos header from C:\Program Files (x86)\Google\Chrome\Application\83.0.4103.61\chrome.dll
[0605/161400.934:ERROR:process_memory_win.cc(73)] ReadMemory at 0x7ffb6f390000 of 64 bytes failed: Only part of a ReadProcessMemory or WriteProcessMemory request was completed. (0x12B)
[0605/161400.934:WARNING:pe_image_reader.cc(340)] could not read dos header from C:\Windows\System32\WS2_32.dll
[0605/161400.934:ERROR:process_memory_win.cc(73)] ReadMemory at 0x7ffb6ef80000 of 64 bytes failed: Only part of a ReadProcessMemory or WriteProcessMemory request was completed. (0x12B)
[0605/161400.934:WARNING:pe_image_reader.cc(340)] could not read dos header from C:\Windows\System32\OLEAUT32.dll
[0605/161400.934:ERROR:process_memory_win.cc(73)] ReadMemory at 0x7ffb6d360000 of 64 bytes failed: Only part of a ReadProcessMemory or WriteProcessMemory request was completed. (0x12B)
[0605/161400.934:WARNING:pe_image_reader.cc(340)] could not read dos header from C:\Windows\System32\msvcp_win.dll
[0605/161400.934:ERROR:process_memory_win.cc(73)] ReadMemory at 0x7ffb6d6e0000 of 64 bytes failed: Only part of a ReadProcessMemory or WriteProcessMemory request was completed. (0x12B)
[0605/161400.934:WARNING:pe_image_reader.cc(340)] could not read dos header from C:\Windows\System32\ucrtbase.dll
[0605/161400.934:ERROR:process_memory_win.cc(73)] ReadMemory at 0x7ffb6f050000 of 64 bytes failed: Only part of a ReadProcessMemory or WriteProcessMemory request was completed. (0x12B)
[0605/161400.934:WARNING:pe_image_reader.cc(340)] could not read dos header from C:\Windows\System32\combase.dll
[0605/161400.934:ERROR:process_memory_win.cc(73)] ReadMemory at 0x7ffb6e100000 of 64 bytes failed: Only part of a ReadProcessMemory or WriteProcessMemory request was completed. (0x12B)
[0605/161400.934:WARNING:pe_image_reader.cc(340)] could not read dos header from C:\Windows\System32\WINTRUST.dll
[0605/161400.934:ERROR:process_memory_win.cc(73)] ReadMemory at 0x7ffb6cfd0000 of 64 bytes failed: Only part of a ReadProcessMemory or WriteProcessMemory request was completed. (0x12B)
[0605/161400.934:WARNING:pe_image_reader.cc(340)] could not read dos header from C:\Windows\System32\MSASN1.dll
[0605/161400.934:ERROR:process_memory_win.cc(73)] ReadMemory at 0x7ffb6d070000 of 64 bytes failed: Only part of a ReadProcessMemory or WriteProcessMemory request was completed. (0x12B)
[0605/161400.934:WARNING:pe_image_reader.cc(340)] could not read dos header from C:\Windows\System32\CRYPT32.dll
[0605/161400.934:ERROR:process_memory_win.cc(73)] ReadMemory at 0x7ffb6c4c0000 of 64 bytes failed: Only part of a ReadProcessMemory or WriteProcessMemory request was completed. (0x12B)
[0605/161400.934:WARNING:pe_image_reader.cc(340)] could not read dos header from C:\Windows\SYSTEM32\IPHLPAPI.DLL
[0605/161400.934:ERROR:process_memory_win.cc(73)] ReadMemory at 0x7ffb6a400000 of 64 bytes failed: Only part of a ReadProcessMemory or WriteProcessMemory request was completed. (0x12B)
[0605/161400.934:WARNING:pe_image_reader.cc(340)] could not read dos header from C:\Windows\SYSTEM32\WINMM.dll
[0605/161400.934:ERROR:process_memory_win.cc(73)] ReadMemory at 0x7ffb54820000 of 64 bytes failed: Only part of a ReadProcessMemory or WriteProcessMemory request was completed. (0x12B)
[0605/161400.934:WARNING:pe_image_reader.cc(340)] could not read dos header from C:\Windows\SYSTEM32\Secur32.dll
[0605/161400.934:ERROR:process_memory_win.cc(73)] ReadMemory at 0x7ffb6cec0000 of 64 bytes failed: Only part of a ReadProcessMemory or WriteProcessMemory request was completed. (0x12B)
[0605/161400.934:WARNING:pe_image_reader.cc(340)] could not read dos header from C:\Windows\SYSTEM32\USERENV.dll
[0605/161400.934:ERROR:process_memory_win.cc(73)] ReadMemory at 0x7ffb6cff0000 of 64 bytes failed: Only part of a ReadProcessMemory or WriteProcessMemory request was completed. (0x12B)
[0605/161400.934:WARNING:pe_image_reader.cc(340)] could not read dos header from C:\Windows\System32\profapi.dll
[0605/161400.934:ERROR:process_memory_win.cc(73)] ReadMemory at 0x7ffb47550000 of 64 bytes failed: Only part of a ReadProcessMemory or WriteProcessMemory request was completed. (0x12B)
[0605/161400.934:WARNING:pe_image_reader.cc(340)] could not read dos header from C:\Windows\SYSTEM32\UIAutomationCore.DLL
[0605/161400.934:ERROR:process_memory_win.cc(73)] ReadMemory at 0x7ffb57840000 of 64 bytes failed: Only part of a ReadProcessMemory or WriteProcessMemory request was completed. (0x12B)
[0605/161400.934:WARNING:pe_image_reader.cc(340)] could not read dos header from C:\Windows\SYSTEM32\DWrite.dll
[0605/161400.934:ERROR:process_memory_win.cc(73)] ReadMemory at 0x7ffb4a2f0000 of 64 bytes failed: Only part of a ReadProcessMemory or WriteProcessMemory request was completed. (0x12B)
[0605/161400.934:WARNING:pe_image_reader.cc(340)] could not read dos header from C:\Windows\SYSTEM32\WINSPOOL.DRV
[0605/161400.934:ERROR:process_memory_win.cc(73)] ReadMemory at 0x7ffb6cfb0000 of 64 bytes failed: Only part of a ReadProcessMemory or WriteProcessMemory request was completed. (0x12B)
[0605/161400.934:WARNING:pe_image_reader.cc(340)] could not read dos header from C:\Windows\System32\kernel.appcore.dll
[0605/161400.934:ERROR:process_memory_win.cc(73)] ReadMemory at 0x7ffb6d400000 of 64 bytes failed: Only part of a ReadProcessMemory or WriteProcessMemory request was completed. (0x12B)
[0605/161400.934:WARNING:pe_image_reader.cc(340)] could not read dos header from C:\Windows\System32\bcrypt.dll
[0605/161400.934:ERROR:process_memory_win.cc(73)] ReadMemory at 0x7ffb6b8c0000 of 64 bytes failed: Only part of a ReadProcessMemory or WriteProcessMemory request was completed. (0x12B)
[0605/161400.934:WARNING:pe_image_reader.cc(340)] could not read dos header from C:\Windows\SYSTEM32\dbghelp.dll
[0605/161400.934:ERROR:process_memory_win.cc(73)] ReadMemory at 0x7ffb65fc0000 of 64 bytes failed: Only part of a ReadProcessMemory or WriteProcessMemory request was completed. (0x12B)
[0605/161400.934:WARNING:pe_image_reader.cc(340)] could not read dos header from C:\Windows\SYSTEM32\WINHTTP.dll
[0605/161400.934:ERROR:process_memory_win.cc(73)] ReadMemory at 0x7ffb63ed0000 of 64 bytes failed: Only part of a ReadProcessMemory or WriteProcessMemory request was completed. (0x12B)
[0605/161400.934:WARNING:pe_image_reader.cc(340)] could not read dos header from C:\Windows\SYSTEM32\dhcpcsvc.DLL
[0605/161400.934:ERROR:process_memory_win.cc(73)] ReadMemory at 0x7ffb6f4b0000 of 64 bytes failed: Only part of a ReadProcessMemory or WriteProcessMemory request was completed. (0x12B)
[0605/161400.934:WARNING:pe_image_reader.cc(340)] could not read dos header from C:\Windows\System32\NSI.dll
[0605/161400.934:ERROR:process_memory_win.cc(73)] ReadMemory at 0x7ffb6a3d0000 of 64 bytes failed: Only part of a ReadProcessMemory or WriteProcessMemory request was completed. (0x12B)
[0605/161400.934:WARNING:pe_image_reader.cc(340)] could not read dos header from C:\Windows\SYSTEM32\WINMMBASE.dll
[0605/161400.934:ERROR:process_memory_win.cc(73)] ReadMemory at 0x7ffb6e030000 of 64 bytes failed: Only part of a ReadProcessMemory or WriteProcessMemory request was completed. (0x12B)
[0605/161400.934:WARNING:pe_image_reader.cc(340)] could not read dos header from C:\Windows\System32\cfgmgr32.dll
[0605/161400.934:ERROR:process_memory_win.cc(73)] ReadMemory at 0x7ffb6ab20000 of 64 bytes failed: Only part of a ReadProcessMemory or WriteProcessMemory request was completed. (0x12B)
[0605/161400.934:WARNING:pe_image_reader.cc(340)] could not read dos header from C:\Windows\SYSTEM32\PROPSYS.dll
[0605/161400.934:ERROR:process_memory_win.cc(73)] ReadMemory at 0x7ffb6f400000 of 64 bytes failed: Only part of a ReadProcessMemory or WriteProcessMemory request was completed. (0x12B)
[0605/161400.934:WARNING:pe_image_reader.cc(340)] could not read dos header from C:\Windows\System32\shcore.dll
[0605/161400.934:ERROR:process_memory_win.cc(73)] ReadMemory at 0x7ffb6ce90000 of 64 bytes failed: Only part of a ReadProcessMemory or WriteProcessMemory request was completed. (0x12B)
[0605/161400.934:WARNING:pe_image_reader.cc(340)] could not read dos header from C:\Windows\SYSTEM32\SSPICLI.DLL
[0605/161400.934:ERROR:process_memory_win.cc(73)] ReadMemory at 0x7ffb6e190000 of 64 bytes failed: Only part of a ReadProcessMemory or WriteProcessMemory request was completed. (0x12B)
[0605/161400.934:WARNING:pe_image_reader.cc(340)] could not read dos header from C:\Windows\System32\SHELL32.dll
[0605/161400.934:ERROR:process_memory_win.cc(73)] ReadMemory at 0x7ffb6d8b0000 of 64 bytes failed: Only part of a ReadProcessMemory or WriteProcessMemory request was completed. (0x12B)
[0605/161400.934:WARNING:pe_image_reader.cc(340)] could not read dos header from C:\Windows\System32\windows.storage.dll
[0605/161400.934:ERROR:process_memory_win.cc(73)] ReadMemory at 0x7ffb6d020000 of 64 bytes failed: Only part of a ReadProcessMemory or WriteProcessMemory request was completed. (0x12B)
[0605/161400.934:WARNING:pe_image_reader.cc(340)] could not read dos header from C:\Windows\System32\powrprof.dll
[0605/161400.934:ERROR:process_memory_win.cc(73)] ReadMemory at 0x7ffb6cfa0000 of 64 bytes failed: Only part of a ReadProcessMemory or WriteProcessMemory request was completed. (0x12B)
[0605/161400.934:WARNING:pe_image_reader.cc(340)] could not read dos header from C:\Windows\System32\UMPDC.dll
[0605/161400.934:ERROR:process_memory_win.cc(73)] ReadMemory at 0x7ffb6fbf0000 of 64 bytes failed: Only part of a ReadProcessMemory or WriteProcessMemory request was completed. (0x12B)
[0605/161400.934:WARNING:pe_image_reader.cc(340)] could not read dos header from C:\Windows\System32\shlwapi.dll
[0605/161400.934:ERROR:process_memory_win.cc(73)] ReadMemory at 0x7ffb6fa80000 of 64 bytes failed: Only part of a ReadProcessMemory or WriteProcessMemory request was completed. (0x12B)
[0605/161400.934:WARNING:pe_image_reader.cc(340)] could not read dos header from C:\Windows\System32\GDI32.dll
[0605/161400.934:ERROR:process_memory_win.cc(73)] ReadMemory at 0x7ffb6e160000 of 64 bytes failed: Only part of a ReadProcessMemory or WriteProcessMemory request was completed. (0x12B)
[0605/161400.934:WARNING:pe_image_reader.cc(340)] could not read dos header from C:\Windows\System32\win32u.dll
[0605/161400.934:ERROR:process_memory_win.cc(73)] ReadMemory at 0x7ffb6d1c0000 of 64 bytes failed: Only part of a ReadProcessMemory or WriteProcessMemory request was completed. (0x12B)
[0605/161400.934:WARNING:pe_image_reader.cc(340)] could not read dos header from C:\Windows\System32\gdi32full.dll
[0605/161400.934:ERROR:process_memory_win.cc(73)] ReadMemory at 0x7ffb6f4c0000 of 64 bytes failed: Only part of a ReadProcessMemory or WriteProcessMemory request was completed. (0x12B)
[0605/161400.934:WARNING:pe_image_reader.cc(340)] could not read dos header from C:\Windows\System32\USER32.dll
[0605/161400.934:ERROR:process_memory_win.cc(73)] ReadMemory at 0x7ffb6d7e0000 of 64 bytes failed: Only part of a ReadProcessMemory or WriteProcessMemory request was completed. (0x12B)
[0605/161400.934:WARNING:pe_image_reader.cc(340)] could not read dos header from C:\Windows\System32\cryptsp.dll
[0605/161400.934:ERROR:process_memory_win.cc(73)] ReadMemory at 0x1b650140000 of 64 bytes failed: Only part of a ReadProcessMemory or WriteProcessMemory request was completed. (0x12B)
[0605/161400.934:WARNING:pe_image_reader.cc(340)] could not read dos header from C:\Windows\System32\IMM32.DLL
[0605/161400.934:ERROR:process_memory_win.cc(73)] ReadMemory at 0x7ffb6c9e0000 of 64 bytes failed: Only part of a ReadProcessMemory or WriteProcessMemory request was completed. (0x12B)
[0605/161400.934:WARNING:pe_image_reader.cc(340)] could not read dos header from C:\Windows\SYSTEM32\CRYPTBASE.DLL
[0605/161400.942:ERROR:process_memory_win.cc(73)] ReadMemory at 0x7ff7e5200000 of 64 bytes failed: Only part of a ReadProcessMemory or WriteProcessMemory request was completed. (0x12B)
[0605/161400.942:WARNING:pe_image_reader.cc(340)] could not read dos header from C:\Program Files (x86)\Google\Chrome\Application\chrome.exe
[0605/161400.943:ERROR:process_memory_win.cc(73)] ReadMemory at 0x7ffb700e0000 of 64 bytes failed: Only part of a ReadProcessMemory or WriteProcessMemory request was completed. (0x12B)
[0605/161400.943:WARNING:pe_image_reader.cc(340)] could not read dos header from C:\Windows\SYSTEM32\ntdll.dll
[0605/161400.943:ERROR:process_memory_win.cc(73)] ReadMemory at 0x7ffb6ffc0000 of 64 bytes failed: Only part of a ReadProcessMemory or WriteProcessMemory request was completed. (0x12B)
[0605/161400.943:WARNING:pe_image_reader.cc(340)] could not read dos header from C:\Windows\System32\KERNEL32.DLL
[0605/161400.943:ERROR:process_memory_win.cc(73)] ReadMemory at 0x7ffb6d430000 of 64 bytes failed: Only part of a ReadProcessMemory or WriteProcessMemory request was completed. (0x12B)
[0605/161400.943:WARNING:pe_image_reader.cc(340)] could not read dos header from C:\Windows\System32\KERNELBASE.dll
[0605/161400.943:ERROR:process_memory_win.cc(73)] ReadMemory at 0x7ffb47cd0000 of 64 bytes failed: Only part of a ReadProcessMemory or WriteProcessMemory request was completed. (0x12B)
[0605/161400.943:WARNING:pe_image_reader.cc(340)] could not read dos header from C:\Program Files (x86)\Google\Chrome\Application\83.0.4103.61\chrome_elf.dll
[0605/161400.943:ERROR:process_memory_win.cc(73)] ReadMemory at 0x7ffb65850000 of 64 bytes failed: Only part of a ReadProcessMemory or WriteProcessMemory request was completed. (0x12B)
[0605/161400.943:WARNING:pe_image_reader.cc(340)] could not read dos header from C:\Windows\SYSTEM32\VERSION.dll
[0605/161400.943:ERROR:process_memory_win.cc(73)] ReadMemory at 0x7ffb6edc0000 of 64 bytes failed: Only part of a ReadProcessMemory or WriteProcessMemory request was completed. (0x12B)
[0605/161400.943:WARNING:pe_image_reader.cc(340)] could not read dos header from C:\Windows\System32\msvcrt.dll
[0605/161400.943:ERROR:process_memory_win.cc(73)] ReadMemory at 0x7ffb6e080000 of 64 bytes failed: Only part of a ReadProcessMemory or WriteProcessMemory request was completed. (0x12B)
[0605/161400.943:WARNING:pe_image_reader.cc(340)] could not read dos header from C:\Windows\System32\bcryptPrimitives.dll
[0605/161400.943:ERROR:process_memory_win.cc(73)] ReadMemory at 0x7ffb6ff00000 of 64 bytes failed: Only part of a ReadProcessMemory or WriteProcessMemory request was completed. (0x12B)
[0605/161400.943:WARNING:pe_image_reader.cc(340)] could not read dos header from C:\Windows\System32\ADVAPI32.dll
[0605/161400.943:ERROR:process_memory_win.cc(73)] ReadMemory at 0x7ffb6fc50000 of 64 bytes failed: Only part of a ReadProcessMemory or WriteProcessMemory request was completed. (0x12B)
[0605/161400.943:WARNING:pe_image_reader.cc(340)] could not read dos header from C:\Windows\System32\sechost.dll
[0605/161400.943:ERROR:process_memory_win.cc(73)] ReadMemory at 0x7ffb6ee60000 of 64 bytes failed: Only part of a ReadProcessMemory or WriteProcessMemory request was completed. (0x12B)
[0605/161400.943:WARNING:pe_image_reader.cc(340)] could not read dos header from C:\Windows\System32\RPCRT4.dll
[0605/161400.943:ERROR:process_memory_win.cc(73)] ReadMemory at 0x7ffae6fc0000 of 64 bytes failed: Only part of a ReadProcessMemory or WriteProcessMemory request was completed. (0x12B)
[0605/161400.943:WARNING:pe_image_reader.cc(340)] could not read dos header from C:\Program Files (x86)\Google\Chrome\Application\83.0.4103.61\chrome.dll
[0605/161400.943:ERROR:process_memory_win.cc(73)] ReadMemory at 0x7ffb6f390000 of 64 bytes failed: Only part of a ReadProcessMemory or WriteProcessMemory request was completed. (0x12B)
[0605/161400.943:WARNING:pe_image_reader.cc(340)] could not read dos header from C:\Windows\System32\WS2_32.dll
[0605/161400.943:ERROR:process_memory_win.cc(73)] ReadMemory at 0x7ffb6ef80000 of 64 bytes failed: Only part of a ReadProcessMemory or WriteProcessMemory request was completed. (0x12B)
[0605/161400.943:WARNING:pe_image_reader.cc(340)] could not read dos header from C:\Windows\System32\OLEAUT32.dll
[0605/161400.943:ERROR:process_memory_win.cc(73)] ReadMemory at 0x7ffb6d360000 of 64 bytes failed: Only part of a ReadProcessMemory or WriteProcessMemory request was completed. (0x12B)
[0605/161400.943:WARNING:pe_image_reader.cc(340)] could not read dos header from C:\Windows\System32\msvcp_win.dll
[0605/161400.943:ERROR:process_memory_win.cc(73)] ReadMemory at 0x7ffb6d6e0000 of 64 bytes failed: Only part of a ReadProcessMemory or WriteProcessMemory request was completed. (0x12B)
[0605/161400.943:WARNING:pe_image_reader.cc(340)] could not read dos header from C:\Windows\System32\ucrtbase.dll
[0605/161400.943:ERROR:process_memory_win.cc(73)] ReadMemory at 0x7ffb6f050000 of 64 bytes failed: Only part of a ReadProcessMemory or WriteProcessMemory request was completed. (0x12B)
[0605/161400.943:WARNING:pe_image_reader.cc(340)] could not read dos header from C:\Windows\System32\combase.dll
[0605/161400.943:ERROR:process_memory_win.cc(73)] ReadMemory at 0x7ffb6e100000 of 64 bytes failed: Only part of a ReadProcessMemory or WriteProcessMemory request was completed. (0x12B)
[0605/161400.943:WARNING:pe_image_reader.cc(340)] could not read dos header from C:\Windows\System32\WINTRUST.dll
[0605/161400.943:ERROR:process_memory_win.cc(73)] ReadMemory at 0x7ffb6cfd0000 of 64 bytes failed: Only part of a ReadProcessMemory or WriteProcessMemory request was completed. (0x12B)
[0605/161400.943:WARNING:pe_image_reader.cc(340)] could not read dos header from C:\Windows\System32\MSASN1.dll
[0605/161400.943:ERROR:process_memory_win.cc(73)] ReadMemory at 0x7ffb6d070000 of 64 bytes failed: Only part of a ReadProcessMemory or WriteProcessMemory request was completed. (0x12B)
[0605/161400.943:WARNING:pe_image_reader.cc(340)] could not read dos header from C:\Windows\System32\CRYPT32.dll
[0605/161400.943:ERROR:process_memory_win.cc(73)] ReadMemory at 0x7ffb6c4c0000 of 64 bytes failed: Only part of a ReadProcessMemory or WriteProcessMemory request was completed. (0x12B)
[0605/161400.943:WARNING:pe_image_reader.cc(340)] could not read dos header from C:\Windows\SYSTEM32\IPHLPAPI.DLL
[0605/161400.943:ERROR:process_memory_win.cc(73)] ReadMemory at 0x7ffb6a400000 of 64 bytes failed: Only part of a ReadProcessMemory or WriteProcessMemory request was completed. (0x12B)
[0605/161400.943:WARNING:pe_image_reader.cc(340)] could not read dos header from C:\Windows\SYSTEM32\WINMM.dll
[0605/161400.943:ERROR:process_memory_win.cc(73)] ReadMemory at 0x7ffb54820000 of 64 bytes failed: Only part of a ReadProcessMemory or WriteProcessMemory request was completed. (0x12B)
[0605/161400.943:WARNING:pe_image_reader.cc(340)] could not read dos header from C:\Windows\SYSTEM32\Secur32.dll
[0605/161400.943:ERROR:process_memory_win.cc(73)] ReadMemory at 0x7ffb6cec0000 of 64 bytes failed: Only part of a ReadProcessMemory or WriteProcessMemory request was completed. (0x12B)
[0605/161400.943:WARNING:pe_image_reader.cc(340)] could not read dos header from C:\Windows\SYSTEM32\USERENV.dll
[0605/161400.943:ERROR:process_memory_win.cc(73)] ReadMemory at 0x7ffb6cff0000 of 64 bytes failed: Only part of a ReadProcessMemory or WriteProcessMemory request was completed. (0x12B)
[0605/161400.943:WARNING:pe_image_reader.cc(340)] could not read dos header from C:\Windows\System32\profapi.dll
[0605/161400.943:ERROR:process_memory_win.cc(73)] ReadMemory at 0x7ffb47550000 of 64 bytes failed: Only part of a ReadProcessMemory or WriteProcessMemory request was completed. (0x12B)
[0605/161400.943:WARNING:pe_image_reader.cc(340)] could not read dos header from C:\Windows\SYSTEM32\UIAutomationCore.DLL
[0605/161400.943:ERROR:process_memory_win.cc(73)] ReadMemory at 0x7ffb57840000 of 64 bytes failed: Only part of a ReadProcessMemory or WriteProcessMemory request was completed. (0x12B)
[0605/161400.943:WARNING:pe_image_reader.cc(340)] could not read dos header from C:\Windows\SYSTEM32\DWrite.dll
[0605/161400.943:ERROR:process_memory_win.cc(73)] ReadMemory at 0x7ffb4a2f0000 of 64 bytes failed: Only part of a ReadProcessMemory or WriteProcessMemory request was completed. (0x12B)
[0605/161400.943:WARNING:pe_image_reader.cc(340)] could not read dos header from C:\Windows\SYSTEM32\WINSPOOL.DRV
[0605/161400.943:ERROR:process_memory_win.cc(73)] ReadMemory at 0x7ffb6cfb0000 of 64 bytes failed: Only part of a ReadProcessMemory or WriteProcessMemory request was completed. (0x12B)
[0605/161400.943:WARNING:pe_image_reader.cc(340)] could not read dos header from C:\Windows\System32\kernel.appcore.dll
[0605/161400.943:ERROR:process_memory_win.cc(73)] ReadMemory at 0x7ffb6d400000 of 64 bytes failed: Only part of a ReadProcessMemory or WriteProcessMemory request was completed. (0x12B)
[0605/161400.943:WARNING:pe_image_reader.cc(340)] could not read dos header from C:\Windows\System32\bcrypt.dll
[0605/161400.943:ERROR:process_memory_win.cc(73)] ReadMemory at 0x7ffb6b8c0000 of 64 bytes failed: Only part of a ReadProcessMemory or WriteProcessMemory request was completed. (0x12B)
[0605/161400.943:WARNING:pe_image_reader.cc(340)] could not read dos header from C:\Windows\SYSTEM32\dbghelp.dll
[0605/161400.943:ERROR:process_memory_win.cc(73)] ReadMemory at 0x7ffb65fc0000 of 64 bytes failed: Only part of a ReadProcessMemory or WriteProcessMemory request was completed. (0x12B)
[0605/161400.943:WARNING:pe_image_reader.cc(340)] could not read dos header from C:\Windows\SYSTEM32\WINHTTP.dll
[0605/161400.943:ERROR:process_memory_win.cc(73)] ReadMemory at 0x7ffb63ed0000 of 64 bytes failed: Only part of a ReadProcessMemory or WriteProcessMemory request was completed. (0x12B)
[0605/161400.943:WARNING:pe_image_reader.cc(340)] could not read dos header from C:\Windows\SYSTEM32\dhcpcsvc.DLL
[0605/161400.943:ERROR:process_memory_win.cc(73)] ReadMemory at 0x7ffb6f4b0000 of 64 bytes failed: Only part of a ReadProcessMemory or WriteProcessMemory request was completed. (0x12B)
[0605/161400.943:WARNING:pe_image_reader.cc(340)] could not read dos header from C:\Windows\System32\NSI.dll
[0605/161400.943:ERROR:process_memory_win.cc(73)] ReadMemory at 0x7ffb6a3d0000 of 64 bytes failed: Only part of a ReadProcessMemory or WriteProcessMemory request was completed. (0x12B)
[0605/161400.943:WARNING:pe_image_reader.cc(340)] could not read dos header from C:\Windows\SYSTEM32\WINMMBASE.dll
[0605/161400.943:ERROR:process_memory_win.cc(73)] ReadMemory at 0x7ffb6e030000 of 64 bytes failed: Only part of a ReadProcessMemory or WriteProcessMemory request was completed. (0x12B)
[0605/161400.943:WARNING:pe_image_reader.cc(340)] could not read dos header from C:\Windows\System32\cfgmgr32.dll
[0605/161400.943:ERROR:process_memory_win.cc(73)] ReadMemory at 0x7ffb6ab20000 of 64 bytes failed: Only part of a ReadProcessMemory or WriteProcessMemory request was completed. (0x12B)
[0605/161400.943:WARNING:pe_image_reader.cc(340)] could not read dos header from C:\Windows\SYSTEM32\PROPSYS.dll
[0605/161400.943:ERROR:process_memory_win.cc(73)] ReadMemory at 0x7ffb6f400000 of 64 bytes failed: Only part of a ReadProcessMemory or WriteProcessMemory request was completed. (0x12B)
[0605/161400.943:WARNING:pe_image_reader.cc(340)] could not read dos header from C:\Windows\System32\shcore.dll
[0605/161400.943:ERROR:process_memory_win.cc(73)] ReadMemory at 0x7ffb6ce90000 of 64 bytes failed: Only part of a ReadProcessMemory or WriteProcessMemory request was completed. (0x12B)
[0605/161400.943:WARNING:pe_image_reader.cc(340)] could not read dos header from C:\Windows\SYSTEM32\SSPICLI.DLL
[0605/161400.943:ERROR:process_memory_win.cc(73)] ReadMemory at 0x7ffb6e190000 of 64 bytes failed: Only part of a ReadProcessMemory or WriteProcessMemory request was completed. (0x12B)
[0605/161400.943:WARNING:pe_image_reader.cc(340)] could not read dos header from C:\Windows\System32\SHELL32.dll
[0605/161400.943:ERROR:process_memory_win.cc(73)] ReadMemory at 0x7ffb6d8b0000 of 64 bytes failed: Only part of a ReadProcessMemory or WriteProcessMemory request was completed. (0x12B)
[0605/161400.943:WARNING:pe_image_reader.cc(340)] could not read dos header from C:\Windows\System32\windows.storage.dll
[0605/161400.943:ERROR:process_memory_win.cc(73)] ReadMemory at 0x7ffb6d020000 of 64 bytes failed: Only part of a ReadProcessMemory or WriteProcessMemory request was completed. (0x12B)
[0605/161400.943:WARNING:pe_image_reader.cc(340)] could not read dos header from C:\Windows\System32\powrprof.dll
[0605/161400.943:ERROR:process_memory_win.cc(73)] ReadMemory at 0x7ffb6cfa0000 of 64 bytes failed: Only part of a ReadProcessMemory or WriteProcessMemory request was completed. (0x12B)
[0605/161400.943:WARNING:pe_image_reader.cc(340)] could not read dos header from C:\Windows\System32\UMPDC.dll
[0605/161400.943:ERROR:process_memory_win.cc(73)] ReadMemory at 0x7ffb6fbf0000 of 64 bytes failed: Only part of a ReadProcessMemory or WriteProcessMemory request was completed. (0x12B)
[0605/161400.943:WARNING:pe_image_reader.cc(340)] could not read dos header from C:\Windows\System32\shlwapi.dll
[0605/161400.943:ERROR:process_memory_win.cc(73)] ReadMemory at 0x7ffb6fa80000 of 64 bytes failed: Only part of a ReadProcessMemory or WriteProcessMemory request was completed. (0x12B)
[0605/161400.943:WARNING:pe_image_reader.cc(340)] could not read dos header from C:\Windows\System32\GDI32.dll
[0605/161400.943:ERROR:process_memory_win.cc(73)] ReadMemory at 0x7ffb6e160000 of 64 bytes failed: Only part of a ReadProcessMemory or WriteProcessMemory request was completed. (0x12B)
[0605/161400.943:WARNING:pe_image_reader.cc(340)] could not read dos header from C:\Windows\System32\win32u.dll
[0605/161400.943:ERROR:process_memory_win.cc(73)] ReadMemory at 0x7ffb6d1c0000 of 64 bytes failed: Only part of a ReadProcessMemory or WriteProcessMemory request was completed. (0x12B)
[0605/161400.943:WARNING:pe_image_reader.cc(340)] could not read dos header from C:\Windows\System32\gdi32full.dll
[0605/161400.943:ERROR:process_memory_win.cc(73)] ReadMemory at 0x7ffb6f4c0000 of 64 bytes failed: Only part of a ReadProcessMemory or WriteProcessMemory request was completed. (0x12B)
[0605/161400.943:WARNING:pe_image_reader.cc(340)] could not read dos header from C:\Windows\System32\USER32.dll
[0605/161400.943:ERROR:process_memory_win.cc(73)] ReadMemory at 0x7ffb6d7e0000 of 64 bytes failed: Only part of a ReadProcessMemory or WriteProcessMemory request was completed. (0x12B)
[0605/161400.943:WARNING:pe_image_reader.cc(340)] could not read dos header from C:\Windows\System32\cryptsp.dll
[0605/161400.943:ERROR:process_memory_win.cc(73)] ReadMemory at 0x1b650140000 of 64 bytes failed: Only part of a ReadProcessMemory or WriteProcessMemory request was completed. (0x12B)
[0605/161400.943:WARNING:pe_image_reader.cc(340)] could not read dos header from C:\Windows\System32\IMM32.DLL
[0605/161400.943:ERROR:process_memory_win.cc(73)] ReadMemory at 0x7ffb6c9e0000 of 64 bytes failed: Only part of a ReadProcessMemory or WriteProcessMemory request was completed. (0x12B)
[0605/161400.943:WARNING:pe_image_reader.cc(340)] could not read dos header from C:\Windows\SYSTEM32\CRYPTBASE.DLL
[0605/161400.943:ERROR:process_memory_win.cc(73)] ReadMemory at 0x7ff7e5200000 of 64 bytes failed: Only part of a ReadProcessMemory or WriteProcessMemory request was completed. (0x12B)
[0605/161400.943:WARNING:pe_image_reader.cc(340)] could not read dos header from C:\Program Files (x86)\Google\Chrome\Application\chrome.exe
[0605/161400.943:ERROR:process_memory_win.cc(73)] ReadMemory at 0x7ffb700e0000 of 64 bytes failed: Only part of a ReadProcessMemory or WriteProcessMemory request was completed. (0x12B)
[0605/161400.943:WARNING:pe_image_reader.cc(340)] could not read dos header from C:\Windows\SYSTEM32\ntdll.dll
[0605/161400.943:ERROR:process_memory_win.cc(73)] ReadMemory at 0x7ffb6ffc0000 of 64 bytes failed: Only part of a ReadProcessMemory or WriteProcessMemory request was completed. (0x12B)
[0605/161400.943:WARNING:pe_image_reader.cc(340)] could not read dos header from C:\Windows\System32\KERNEL32.DLL
[0605/161400.943:ERROR:process_memory_win.cc(73)] ReadMemory at 0x7ffb6d430000 of 64 bytes failed: Only part of a ReadProcessMemory or WriteProcessMemory request was completed. (0x12B)
[0605/161400.943:WARNING:pe_image_reader.cc(340)] could not read dos header from C:\Windows\System32\KERNELBASE.dll
[0605/161400.943:ERROR:process_memory_win.cc(73)] ReadMemory at 0x7ffb47cd0000 of 64 bytes failed: Only part of a ReadProcessMemory or WriteProcessMemory request was completed. (0x12B)
[0605/161400.943:WARNING:pe_image_reader.cc(340)] could not read dos header from C:\Program Files (x86)\Google\Chrome\Application\83.0.4103.61\chrome_elf.dll
[0605/161400.943:ERROR:process_memory_win.cc(73)] ReadMemory at 0x7ffb65850000 of 64 bytes failed: Only part of a ReadProcessMemory or WriteProcessMemory request was completed. (0x12B)
[0605/161400.943:WARNING:pe_image_reader.cc(340)] could not read dos header from C:\Windows\SYSTEM32\VERSION.dll
[0605/161400.943:ERROR:process_memory_win.cc(73)] ReadMemory at 0x7ffb6edc0000 of 64 bytes failed: Only part of a ReadProcessMemory or WriteProcessMemory request was completed. (0x12B)
[0605/161400.943:WARNING:pe_image_reader.cc(340)] could not read dos header from C:\Windows\System32\msvcrt.dll
[0605/161400.943:ERROR:process_memory_win.cc(73)] ReadMemory at 0x7ffb6e080000 of 64 bytes failed: Only part of a ReadProcessMemory or WriteProcessMemory request was completed. (0x12B)
[0605/161400.943:WARNING:pe_image_reader.cc(340)] could not read dos header from C:\Windows\System32\bcryptPrimitives.dll
[0605/161400.943:ERROR:process_memory_win.cc(73)] ReadMemory at 0x7ffb6ff00000 of 64 bytes failed: Only part of a ReadProcessMemory or WriteProcessMemory request was completed. (0x12B)
[0605/161400.943:WARNING:pe_image_reader.cc(340)] could not read dos header from C:\Windows\System32\ADVAPI32.dll
[0605/161400.943:ERROR:process_memory_win.cc(73)] ReadMemory at 0x7ffb6fc50000 of 64 bytes failed: Only part of a ReadProcessMemory or WriteProcessMemory request was completed. (0x12B)
[0605/161400.943:WARNING:pe_image_reader.cc(340)] could not read dos header from C:\Windows\System32\sechost.dll
[0605/161400.943:ERROR:process_memory_win.cc(73)] ReadMemory at 0x7ffb6ee60000 of 64 bytes failed: Only part of a ReadProcessMemory or WriteProcessMemory request was completed. (0x12B)
[0605/161400.943:WARNING:pe_image_reader.cc(340)] could not read dos header from C:\Windows\System32\RPCRT4.dll
[0605/161400.943:ERROR:process_memory_win.cc(73)] ReadMemory at 0x7ffae6fc0000 of 64 bytes failed: Only part of a ReadProcessMemory or WriteProcessMemory request was completed. (0x12B)
[0605/161400.943:WARNING:pe_image_reader.cc(340)] could not read dos header from C:\Program Files (x86)\Google\Chrome\Application\83.0.4103.61\chrome.dll
[0605/161400.943:ERROR:process_memory_win.cc(73)] ReadMemory at 0x7ffb6f390000 of 64 bytes failed: Only part of a ReadProcessMemory or WriteProcessMemory request was completed. (0x12B)
[0605/161400.943:WARNING:pe_image_reader.cc(340)] could not read dos header from C:\Windows\System32\WS2_32.dll
[0605/161400.943:ERROR:process_memory_win.cc(73)] ReadMemory at 0x7ffb6ef80000 of 64 bytes failed: Only part of a ReadProcessMemory or WriteProcessMemory request was completed. (0x12B)
[0605/161400.943:WARNING:pe_image_reader.cc(340)] could not read dos header from C:\Windows\System32\OLEAUT32.dll
[0605/161400.943:ERROR:process_memory_win.cc(73)] ReadMemory at 0x7ffb6d360000 of 64 bytes failed: Only part of a ReadProcessMemory or WriteProcessMemory request was completed. (0x12B)
[0605/161400.943:WARNING:pe_image_reader.cc(340)] could not read dos header from C:\Windows\System32\msvcp_win.dll
[0605/161400.943:ERROR:process_memory_win.cc(73)] ReadMemory at 0x7ffb6d6e0000 of 64 bytes failed: Only part of a ReadProcessMemory or WriteProcessMemory request was completed. (0x12B)
[0605/161400.943:WARNING:pe_image_reader.cc(340)] could not read dos header from C:\Windows\System32\ucrtbase.dll
[0605/161400.943:ERROR:process_memory_win.cc(73)] ReadMemory at 0x7ffb6f050000 of 64 bytes failed: Only part of a ReadProcessMemory or WriteProcessMemory request was completed. (0x12B)
[0605/161400.943:WARNING:pe_image_reader.cc(340)] could not read dos header from C:\Windows\System32\combase.dll
[0605/161400.943:ERROR:process_memory_win.cc(73)] ReadMemory at 0x7ffb6e100000 of 64 bytes failed: Only part of a ReadProcessMemory or WriteProcessMemory request was completed. (0x12B)
[0605/161400.943:WARNING:pe_image_reader.cc(340)] could not read dos header from C:\Windows\System32\WINTRUST.dll
[0605/161400.943:ERROR:process_memory_win.cc(73)] ReadMemory at 0x7ffb6cfd0000 of 64 bytes failed: Only part of a ReadProcessMemory or WriteProcessMemory request was completed. (0x12B)
[0605/161400.943:WARNING:pe_image_reader.cc(340)] could not read dos header from C:\Windows\System32\MSASN1.dll
[0605/161400.943:ERROR:process_memory_win.cc(73)] ReadMemory at 0x7ffb6d070000 of 64 bytes failed: Only part of a ReadProcessMemory or WriteProcessMemory request was completed. (0x12B)
[0605/161400.943:WARNING:pe_image_reader.cc(340)] could not read dos header from C:\Windows\System32\CRYPT32.dll
[0605/161400.943:ERROR:process_memory_win.cc(73)] ReadMemory at 0x7ffb6c4c0000 of 64 bytes failed: Only part of a ReadProcessMemory or WriteProcessMemory request was completed. (0x12B)
[0605/161400.943:WARNING:pe_image_reader.cc(340)] could not read dos header from C:\Windows\SYSTEM32\IPHLPAPI.DLL
[0605/161400.943:ERROR:process_memory_win.cc(73)] ReadMemory at 0x7ffb6a400000 of 64 bytes failed: Only part of a ReadProcessMemory or WriteProcessMemory request was completed. (0x12B)
[0605/161400.943:WARNING:pe_image_reader.cc(340)] could not read dos header from C:\Windows\SYSTEM32\WINMM.dll
[0605/161400.943:ERROR:process_memory_win.cc(73)] ReadMemory at 0x7ffb54820000 of 64 bytes failed: Only part of a ReadProcessMemory or WriteProcessMemory request was completed. (0x12B)
[0605/161400.943:WARNING:pe_image_reader.cc(340)] could not read dos header from C:\Windows\SYSTEM32\Secur32.dll
[0605/161400.943:ERROR:process_memory_win.cc(73)] ReadMemory at 0x7ffb6cec0000 of 64 bytes failed: Only part of a ReadProcessMemory or WriteProcessMemory request was completed. (0x12B)
[0605/161400.943:WARNING:pe_image_reader.cc(340)] could not read dos header from C:\Windows\SYSTEM32\USERENV.dll
[0605/161400.943:ERROR:process_memory_win.cc(73)] ReadMemory at 0x7ffb6cff0000 of 64 bytes failed: Only part of a ReadProcessMemory or WriteProcessMemory request was completed. (0x12B)
[0605/161400.943:WARNING:pe_image_reader.cc(340)] could not read dos header from C:\Windows\System32\profapi.dll
[0605/161400.943:ERROR:process_memory_win.cc(73)] ReadMemory at 0x7ffb47550000 of 64 bytes failed: Only part of a ReadProcessMemory or WriteProcessMemory request was completed. (0x12B)
[0605/161400.947:WARNING:pe_image_reader.cc(340)] could not read dos header from C:\Windows\SYSTEM32\UIAutomationCore.DLL
[0605/161400.947:ERROR:process_memory_win.cc(73)] ReadMemory at 0x7ffb57840000 of 64 bytes failed: Only part of a ReadProcessMemory or WriteProcessMemory request was completed. (0x12B)
[0605/161400.947:WARNING:pe_image_reader.cc(340)] could not read dos header from C:\Windows\SYSTEM32\DWrite.dll
[0605/161400.947:ERROR:process_memory_win.cc(73)] ReadMemory at 0x7ffb4a2f0000 of 64 bytes failed: Only part of a ReadProcessMemory or WriteProcessMemory request was completed. (0x12B)
[0605/161400.947:WARNING:pe_image_reader.cc(340)] could not read dos header from C:\Windows\SYSTEM32\WINSPOOL.DRV
[0605/161400.947:ERROR:process_memory_win.cc(73)] ReadMemory at 0x7ffb6cfb0000 of 64 bytes failed: Only part of a ReadProcessMemory or WriteProcessMemory request was completed. (0x12B)
[0605/161400.947:WARNING:pe_image_reader.cc(340)] could not read dos header from C:\Windows\System32\kernel.appcore.dll
[0605/161400.947:ERROR:process_memory_win.cc(73)] ReadMemory at 0x7ffb6d400000 of 64 bytes failed: Only part of a ReadProcessMemory or WriteProcessMemory request was completed. (0x12B)
[0605/161400.947:WARNING:pe_image_reader.cc(340)] could not read dos header from C:\Windows\System32\bcrypt.dll
[0605/161400.947:ERROR:process_memory_win.cc(73)] ReadMemory at 0x7ffb6b8c0000 of 64 bytes failed: Only part of a ReadProcessMemory or WriteProcessMemory request was completed. (0x12B)
[0605/161400.947:WARNING:pe_image_reader.cc(340)] could not read dos header from C:\Windows\SYSTEM32\dbghelp.dll
[0605/161400.947:ERROR:process_memory_win.cc(73)] ReadMemory at 0x7ffb65fc0000 of 64 bytes failed: Only part of a ReadProcessMemory or WriteProcessMemory request was completed. (0x12B)
[0605/161400.947:WARNING:pe_image_reader.cc(340)] could not read dos header from C:\Windows\SYSTEM32\WINHTTP.dll
[0605/161400.947:ERROR:process_memory_win.cc(73)] ReadMemory at 0x7ffb63ed0000 of 64 bytes failed: Only part of a ReadProcessMemory or WriteProcessMemory request was completed. (0x12B)
[0605/161400.947:WARNING:pe_image_reader.cc(340)] could not read dos header from C:\Windows\SYSTEM32\dhcpcsvc.DLL
[0605/161400.947:ERROR:process_memory_win.cc(73)] ReadMemory at 0x7ffb6f4b0000 of 64 bytes failed: Only part of a ReadProcessMemory or WriteProcessMemory request was completed. (0x12B)
[0605/161400.947:WARNING:pe_image_reader.cc(340)] could not read dos header from C:\Windows\System32\NSI.dll
[0605/161400.947:ERROR:process_memory_win.cc(73)] ReadMemory at 0x7ffb6a3d0000 of 64 bytes failed: Only part of a ReadProcessMemory or WriteProcessMemory request was completed. (0x12B)
[0605/161400.947:WARNING:pe_image_reader.cc(340)] could not read dos header from C:\Windows\SYSTEM32\WINMMBASE.dll
[0605/161400.947:ERROR:process_memory_win.cc(73)] ReadMemory at 0x7ffb6e030000 of 64 bytes failed: Only part of a ReadProcessMemory or WriteProcessMemory request was completed. (0x12B)
[0605/161400.947:WARNING:pe_image_reader.cc(340)] could not read dos header from C:\Windows\System32\cfgmgr32.dll
[0605/161400.947:ERROR:process_memory_win.cc(73)] ReadMemory at 0x7ffb6ab20000 of 64 bytes failed: Only part of a ReadProcessMemory or WriteProcessMemory request was completed. (0x12B)
[0605/161400.947:WARNING:pe_image_reader.cc(340)] could not read dos header from C:\Windows\SYSTEM32\PROPSYS.dll
[0605/161400.947:ERROR:process_memory_win.cc(73)] ReadMemory at 0x7ffb6f400000 of 64 bytes failed: Only part of a ReadProcessMemory or WriteProcessMemory request was completed. (0x12B)
[0605/161400.947:WARNING:pe_image_reader.cc(340)] could not read dos header from C:\Windows\System32\shcore.dll
[0605/161400.947:ERROR:process_memory_win.cc(73)] ReadMemory at 0x7ffb6ce90000 of 64 bytes failed: Only part of a ReadProcessMemory or WriteProcessMemory request was completed. (0x12B)
[0605/161400.947:WARNING:pe_image_reader.cc(340)] could not read dos header from C:\Windows\SYSTEM32\SSPICLI.DLL
[0605/161400.947:ERROR:process_memory_win.cc(73)] ReadMemory at 0x7ffb6e190000 of 64 bytes failed: Only part of a ReadProcessMemory or WriteProcessMemory request was completed. (0x12B)
[0605/161400.947:WARNING:pe_image_reader.cc(340)] could not read dos header from C:\Windows\System32\SHELL32.dll
[0605/161400.947:ERROR:process_memory_win.cc(73)] ReadMemory at 0x7ffb6d8b0000 of 64 bytes failed: Only part of a ReadProcessMemory or WriteProcessMemory request was completed. (0x12B)
[0605/161400.947:WARNING:pe_image_reader.cc(340)] could not read dos header from C:\Windows\System32\windows.storage.dll
[0605/161400.947:ERROR:process_memory_win.cc(73)] ReadMemory at 0x7ffb6d020000 of 64 bytes failed: Only part of a ReadProcessMemory or WriteProcessMemory request was completed. (0x12B)
[0605/161400.947:WARNING:pe_image_reader.cc(340)] could not read dos header from C:\Windows\System32\powrprof.dll
[0605/161400.947:ERROR:process_memory_win.cc(73)] ReadMemory at 0x7ffb6cfa0000 of 64 bytes failed: Only part of a ReadProcessMemory or WriteProcessMemory request was completed. (0x12B)
[0605/161400.947:WARNING:pe_image_reader.cc(340)] could not read dos header from C:\Windows\System32\UMPDC.dll
[0605/161400.947:ERROR:process_memory_win.cc(73)] ReadMemory at 0x7ffb6fbf0000 of 64 bytes failed: Only part of a ReadProcessMemory or WriteProcessMemory request was completed. (0x12B)
[0605/161400.947:WARNING:pe_image_reader.cc(340)] could not read dos header from C:\Windows\System32\shlwapi.dll
[0605/161400.947:ERROR:process_memory_win.cc(73)] ReadMemory at 0x7ffb6fa80000 of 64 bytes failed: Only part of a ReadProcessMemory or WriteProcessMemory request was completed. (0x12B)
[0605/161400.947:WARNING:pe_image_reader.cc(340)] could not read dos header from C:\Windows\System32\GDI32.dll
[0605/161400.947:ERROR:process_memory_win.cc(73)] ReadMemory at 0x7ffb6e160000 of 64 bytes failed: Only part of a ReadProcessMemory or WriteProcessMemory request was completed. (0x12B)
[0605/161400.947:WARNING:pe_image_reader.cc(340)] could not read dos header from C:\Windows\System32\win32u.dll
[0605/161400.947:ERROR:process_memory_win.cc(73)] ReadMemory at 0x7ffb6d1c0000 of 64 bytes failed: Only part of a ReadProcessMemory or WriteProcessMemory request was completed. (0x12B)
[0605/161400.947:WARNING:pe_image_reader.cc(340)] could not read dos header from C:\Windows\System32\gdi32full.dll
[0605/161400.947:ERROR:process_memory_win.cc(73)] ReadMemory at 0x7ffb6f4c0000 of 64 bytes failed: Only part of a ReadProcessMemory or WriteProcessMemory request was completed. (0x12B)
[0605/161400.947:WARNING:pe_image_reader.cc(340)] could not read dos header from C:\Windows\System32\USER32.dll
[0605/161400.947:ERROR:process_memory_win.cc(73)] ReadMemory at 0x7ffb6d7e0000 of 64 bytes failed: Only part of a ReadProcessMemory or WriteProcessMemory request was completed. (0x12B)
[0605/161400.947:WARNING:pe_image_reader.cc(340)] could not read dos header from C:\Windows\System32\cryptsp.dll
[0605/161400.947:ERROR:process_memory_win.cc(73)] ReadMemory at 0x1b650140000 of 64 bytes failed: Only part of a ReadProcessMemory or WriteProcessMemory request was completed. (0x12B)
[0605/161400.947:WARNING:pe_image_reader.cc(340)] could not read dos header from C:\Windows\System32\IMM32.DLL
[0605/161400.947:ERROR:process_memory_win.cc(73)] ReadMemory at 0x7ffb6c9e0000 of 64 bytes failed: Only part of a ReadProcessMemory or WriteProcessMemory request was completed. (0x12B)
[0605/161400.947:WARNING:pe_image_reader.cc(340)] could not read dos header from C:\Windows\SYSTEM32\CRYPTBASE.DLL
[0605/161400.969:ERROR:process_memory_win.cc(73)] ReadMemory at 0x59775dd000 of 143360 bytes failed: Only part of a ReadProcessMemory or WriteProcessMemory request was completed. (0x12B)
[0605/161400.969:ERROR:process_memory_win.cc(73)] ReadMemory at 0x5977dfd000 of 12288 bytes failed: Only part of a ReadProcessMemory or WriteProcessMemory request was completed. (0x12B)
[0605/161400.969:ERROR:process_memory_win.cc(73)] ReadMemory at 0x5978dfc000 of 16384 bytes failed: Only part of a ReadProcessMemory or WriteProcessMemory request was completed. (0x12B)
[0605/161400.969:ERROR:process_memory_win.cc(73)] ReadMemory at 0x59795fb000 of 20480 bytes failed: Only part of a ReadProcessMemory or WriteProcessMemory request was completed. (0x12B)
[0605/161400.969:ERROR:process_memory_win.cc(73)] ReadMemory at 0x5979dfe000 of 8192 bytes failed: Only part of a ReadProcessMemory or WriteProcessMemory request was completed. (0x12B)
[0605/161400.969:ERROR:process_memory_win.cc(73)] ReadMemory at 0x597a5fd000 of 12288 bytes failed: Only part of a ReadProcessMemory or WriteProcessMemory request was completed. (0x12B)
[0605/161400.969:ERROR:process_memory_win.cc(73)] ReadMemory at 0x597adfb000 of 20480 bytes failed: Only part of a ReadProcessMemory or WriteProcessMemory request was completed. (0x12B)
[0605/161400.969:ERROR:process_memory_win.cc(73)] ReadMemory at 0x597bdfd000 of 12288 bytes failed: Only part of a ReadProcessMemory or WriteProcessMemory request was completed. (0x12B)
[0605/161400.969:ERROR:process_memory_win.cc(73)] ReadMemory at 0x597c5f6000 of 40960 bytes failed: Only part of a ReadProcessMemory or WriteProcessMemory request was completed. (0x12B)
[0605/161400.969:ERROR:process_memory_win.cc(73)] ReadMemory at 0x597cdf6000 of 40960 bytes failed: Only part of a ReadProcessMemory or WriteProcessMemory request was completed. (0x12B)
[0605/161400.969:ERROR:process_memory_win.cc(73)] ReadMemory at 0x597d5f7000 of 36864 bytes failed: Only part of a ReadProcessMemory or WriteProcessMemory request was completed. (0x12B)
[0605/161400.969:ERROR:process_memory_win.cc(73)] ReadMemory at 0x597ddf6000 of 40960 bytes failed: Only part of a ReadProcessMemory or WriteProcessMemory request was completed. (0x12B)
[0605/161400.969:ERROR:process_memory_win.cc(73)] ReadMemory at 0x597e5fc000 of 16384 bytes failed: Only part of a ReadProcessMemory or WriteProcessMemory request was completed. (0x12B)
[0605/161400.969:ERROR:process_memory_win.cc(73)] ReadMemory at 0x5901ffd000 of 12288 bytes failed: Only part of a ReadProcessMemory or WriteProcessMemory request was completed. (0x12B)
[0605/161400.969:ERROR:process_memory_win.cc(73)] ReadMemory at 0x59007fc000 of 16384 bytes failed: Only part of a ReadProcessMemory or WriteProcessMemory request was completed. (0x12B)
[0605/161400.971:ERROR:process_memory_win.cc(73)] ReadMemory at 0x5900ffd000 of 12288 bytes failed: Only part of a ReadProcessMemory or WriteProcessMemory request was completed. (0x12B)
[0605/161400.971:ERROR:process_memory_win.cc(73)] ReadMemory at 0x59017fd000 of 12288 bytes failed: Only part of a ReadProcessMemory or WriteProcessMemory request was completed. (0x12B)
[0605/161400.971:ERROR:process_memory_win.cc(73)] ReadMemory at 0x59027fd000 of 12288 bytes failed: Only part of a ReadProcessMemory or WriteProcessMemory request was completed. (0x12B)
[0605/161400.971:ERROR:process_memory_win.cc(73)] ReadMemory at 0x5902ffd000 of 12288 bytes failed: Only part of a ReadProcessMemory or WriteProcessMemory request was completed. (0x12B)
[0605/161400.971:ERROR:process_memory_win.cc(73)] ReadMemory at 0x59037fd000 of 12288 bytes failed: Only part of a ReadProcessMemory or WriteProcessMemory request was completed. (0x12B)
[0605/161400.971:ERROR:process_memory_win.cc(73)] ReadMemory at 0x5903ffd000 of 12288 bytes failed: Only part of a ReadProcessMemory or WriteProcessMemory request was completed. (0x12B)
[0605/161400.971:ERROR:process_memory_win.cc(73)] ReadMemory at 0x5976c32000 of 852 bytes failed: Only part of a ReadProcessMemory or WriteProcessMemory request was completed. (0x12B)
[0605/161400.971:ERROR:process_memory_win.cc(73)] ReadMemory at 0x5976c33000 of 6024 bytes failed: Only part of a ReadProcessMemory or WriteProcessMemory request was completed. (0x12B)
[0605/161400.971:ERROR:process_memory_win.cc(73)] ReadMemory at 0x5976c35000 of 6024 bytes failed: Only part of a ReadProcessMemory or WriteProcessMemory request was completed. (0x12B)
[0605/161400.971:ERROR:process_memory_win.cc(73)] ReadMemory at 0x5976c39000 of 6024 bytes failed: Only part of a ReadProcessMemory or WriteProcessMemory request was completed. (0x12B)
[0605/161400.971:ERROR:process_memory_win.cc(73)] ReadMemory at 0x5976c3b000 of 6024 bytes failed: Only part of a ReadProcessMemory or WriteProcessMemory request was completed. (0x12B)
[0605/161400.972:ERROR:process_memory_win.cc(73)] ReadMemory at 0x5976c3d000 of 6024 bytes failed: Only part of a ReadProcessMemory or WriteProcessMemory request was completed. (0x12B)
[0605/161400.972:ERROR:process_memory_win.cc(73)] ReadMemory at 0x5976c3f000 of 6024 bytes failed: Only part of a ReadProcessMemory or WriteProcessMemory request was completed. (0x12B)
[0605/161400.972:ERROR:process_memory_win.cc(73)] ReadMemory at 0x5976c41000 of 6024 bytes failed: Only part of a ReadProcessMemory or WriteProcessMemory request was completed. (0x12B)
[0605/161400.972:ERROR:process_memory_win.cc(73)] ReadMemory at 0x5976c45000 of 6024 bytes failed: Only part of a ReadProcessMemory or WriteProcessMemory request was completed. (0x12B)
[0605/161400.972:ERROR:process_memory_win.cc(73)] ReadMemory at 0x5976c47000 of 6024 bytes failed: Only part of a ReadProcessMemory or WriteProcessMemory request was completed. (0x12B)
[0605/161400.972:ERROR:process_memory_win.cc(73)] ReadMemory at 0x5976c49000 of 6024 bytes failed: Only part of a ReadProcessMemory or WriteProcessMemory request was completed. (0x12B)
[0605/161400.972:ERROR:process_memory_win.cc(73)] ReadMemory at 0x5976c4b000 of 6024 bytes failed: Only part of a ReadProcessMemory or WriteProcessMemory request was completed. (0x12B)
[0605/161400.972:ERROR:process_memory_win.cc(73)] ReadMemory at 0x5976c4d000 of 6024 bytes failed: Only part of a ReadProcessMemory or WriteProcessMemory request was completed. (0x12B)
[0605/161400.972:ERROR:process_memory_win.cc(73)] ReadMemory at 0x5976c4f000 of 6024 bytes failed: Only part of a ReadProcessMemory or WriteProcessMemory request was completed. (0x12B)
[0605/161400.972:ERROR:process_memory_win.cc(73)] ReadMemory at 0x5976c5d000 of 6024 bytes failed: Only part of a ReadProcessMemory or WriteProcessMemory request was completed. (0x12B)
[0605/161400.972:ERROR:process_memory_win.cc(73)] ReadMemory at 0x5976c89000 of 6024 bytes failed: Only part of a ReadProcessMemory or WriteProcessMemory request was completed. (0x12B)
[0605/161400.972:ERROR:process_memory_win.cc(73)] ReadMemory at 0x5976c8d000 of 6024 bytes failed: Only part of a ReadProcessMemory or WriteProcessMemory request was completed. (0x12B)
[0605/161400.972:ERROR:process_memory_win.cc(73)] ReadMemory at 0x5976c8f000 of 6024 bytes failed: Only part of a ReadProcessMemory or WriteProcessMemory request was completed. (0x12B)
[0605/161400.972:ERROR:process_memory_win.cc(73)] ReadMemory at 0x5976c91000 of 6024 bytes failed: Only part of a ReadProcessMemory or WriteProcessMemory request was completed. (0x12B)
[0605/161400.972:ERROR:process_memory_win.cc(73)] ReadMemory at 0x5976c93000 of 6024 bytes failed: Only part of a ReadProcessMemory or WriteProcessMemory request was completed. (0x12B)
[0605/161400.972:ERROR:process_memory_win.cc(73)] ReadMemory at 0x5976c95000 of 6024 bytes failed: Only part of a ReadProcessMemory or WriteProcessMemory request was completed. (0x12B)
[0605/161400.972:ERROR:process_memory_win.cc(73)] ReadMemory at 0x5976c97000 of 6024 bytes failed: Only part of a ReadProcessMemory or WriteProcessMemory request was completed. (0x12B)
[0605/161400.972:ERROR:process_memory_win.cc(73)] ReadMemory at 0x1b64e250fe0 of 3980 bytes failed: Only part of a ReadProcessMemory or WriteProcessMemory request was completed. (0x12B)
[0605/161400.972:ERROR:process_memory_win.cc(73)] ReadMemory at 0x1b64e251f80 of 1012 bytes failed: Only part of a ReadProcessMemory or WriteProcessMemory request was completed. (0x12B)
[0605/161400.972:ERROR:process_memory_win.cc(73)] ReadMemory at 0x1b64e2525c8 of 118 bytes failed: Only part of a ReadProcessMemory or WriteProcessMemory request was completed. (0x12B)
[0605/161400.972:ERROR:process_memory_win.cc(73)] ReadMemory at 0x1b64e252640 of 1264 bytes failed: Only part of a ReadProcessMemory or WriteProcessMemory request was completed. (0x12B)
[0605/161400.972:ERROR:process_memory_win.cc(73)] ReadMemory at 0x1b64e252b32 of 118 bytes failed: Only part of a ReadProcessMemory or WriteProcessMemory request was completed. (0x12B)
[0605/161400.972:ERROR:process_memory_win.cc(73)] ReadMemory at 0x1b64e252baa of 98 bytes failed: Only part of a ReadProcessMemory or WriteProcessMemory request was completed. (0x12B)
[0605/161400.972:ERROR:process_memory_win.cc(73)] ReadMemory at 0x1b64e252c20 of 58 bytes failed: Only part of a ReadProcessMemory or WriteProcessMemory request was completed. (0x12B)
[0605/161400.972:ERROR:process_memory_win.cc(73)] ReadMemory at 0x1b64e252d20 of 132 bytes failed: Only part of a ReadProcessMemory or WriteProcessMemory request was completed. (0x12B)
[0605/161400.972:ERROR:process_memory_win.cc(73)] ReadMemory at 0x1b64e252eb0 of 132 bytes failed: Only part of a ReadProcessMemory or WriteProcessMemory request was completed. (0x12B)
[0605/161400.972:ERROR:process_memory_win.cc(73)] ReadMemory at 0x1b64e253070 of 124 bytes failed: Only part of a ReadProcessMemory or WriteProcessMemory request was completed. (0x12B)
[0605/161400.972:ERROR:process_memory_win.cc(73)] ReadMemory at 0x1b64e253450 of 132 bytes failed: Only part of a ReadProcessMemory or WriteProcessMemory request was completed. (0x12B)
[0605/161400.972:ERROR:process_memory_win.cc(73)] ReadMemory at 0x1b64e2535e0 of 64 bytes failed: Only part of a ReadProcessMemory or WriteProcessMemory request was completed. (0x12B)
[0605/161400.972:ERROR:process_memory_win.cc(73)] ReadMemory at 0x1b64e253630 of 132 bytes failed: Only part of a ReadProcessMemory or WriteProcessMemory request was completed. (0x12B)
[0605/161400.972:ERROR:process_memory_win.cc(73)] ReadMemory at 0x1b64e2537a0 of 132 bytes failed: Only part of a ReadProcessMemory or WriteProcessMemory request was completed. (0x12B)
[0605/161400.972:ERROR:process_memory_win.cc(73)] ReadMemory at 0x1b64e253a40 of 132 bytes failed: Only part of a ReadProcessMemory or WriteProcessMemory request was completed. (0x12B)
[0605/161400.972:ERROR:process_memory_win.cc(73)] ReadMemory at 0x1b64e253bd0 of 68 bytes failed: Only part of a ReadProcessMemory or WriteProcessMemory request was completed. (0x12B)
[0605/161400.972:ERROR:process_memory_win.cc(73)] ReadMemory at 0x1b64e254cc0 of 144 bytes failed: Only part of a ReadProcessMemory or WriteProcessMemory request was completed. (0x12B)
[0605/161400.972:ERROR:process_memory_win.cc(73)] ReadMemory at 0x1b64e254da0 of 132 bytes failed: Only part of a ReadProcessMemory or WriteProcessMemory request was completed. (0x12B)
[0605/161400.972:ERROR:process_memory_win.cc(73)] ReadMemory at 0x1b64e254f30 of 152 bytes failed: Only part of a ReadProcessMemory or WriteProcessMemory request was completed. (0x12B)
[0605/161400.972:ERROR:process_memory_win.cc(73)] ReadMemory at 0x1b64e255d20 of 62 bytes failed: Only part of a ReadProcessMemory or WriteProcessMemory request was completed. (0x12B)
[0605/161400.972:ERROR:process_memory_win.cc(73)] ReadMemory at 0x1b64e255d70 of 132 bytes failed: Only part of a ReadProcessMemory or WriteProcessMemory request was completed. (0x12B)
[0605/161400.972:ERROR:process_memory_win.cc(73)] ReadMemory at 0x1b64e255f10 of 60 bytes failed: Only part of a ReadProcessMemory or WriteProcessMemory request was completed. (0x12B)
[0605/161400.972:ERROR:process_memory_win.cc(73)] ReadMemory at 0x1b64e256400 of 132 bytes failed: Only part of a ReadProcessMemory or WriteProcessMemory request was completed. (0x12B)
[0605/161400.972:ERROR:process_memory_win.cc(73)] ReadMemory at 0x1b64e2566aa of 512 bytes failed: Only part of a ReadProcessMemory or WriteProcessMemory request was completed. (0x12B)
[0605/161400.972:ERROR:process_memory_win.cc(73)] ReadMemory at 0x1b64e2598e0 of 132 bytes failed: Only part of a ReadProcessMemory or WriteProcessMemory request was completed. (0x12B)
[0605/161400.972:ERROR:process_memory_win.cc(73)] ReadMemory at 0x1b64e25a620 of 132 bytes failed: Only part of a ReadProcessMemory or WriteProcessMemory request was completed. (0x12B)
[0605/161400.972:ERROR:process_memory_win.cc(73)] ReadMemory at 0x1b64e25a840 of 132 bytes failed: Only part of a ReadProcessMemory or WriteProcessMemory request was completed. (0x12B)
[0605/161400.972:ERROR:process_memory_win.cc(73)] ReadMemory at 0x1b64e25aba0 of 132 bytes failed: Only part of a ReadProcessMemory or WriteProcessMemory request was completed. (0x12B)
[0605/161400.972:ERROR:process_memory_win.cc(73)] ReadMemory at 0x1b64e25ad50 of 132 bytes failed: Only part of a ReadProcessMemory or WriteProcessMemory request was completed. (0x12B)
[0605/161400.972:ERROR:process_memory_win.cc(73)] ReadMemory at 0x1b64e25b5f0 of 80 bytes failed: Only part of a ReadProcessMemory or WriteProcessMemory request was completed. (0x12B)
[0605/161400.972:ERROR:process_memory_win.cc(73)] ReadMemory at 0x1b64e25b8f0 of 64 bytes failed: Only part of a ReadProcessMemory or WriteProcessMemory request was completed. (0x12B)
[0605/161400.972:ERROR:process_memory_win.cc(73)] ReadMemory at 0x1b64e25b990 of 62 bytes failed: Only part of a ReadProcessMemory or WriteProcessMemory request was completed. (0x12B)
[0605/161400.972:ERROR:process_memory_win.cc(73)] ReadMemory at 0x1b64e25ba30 of 60 bytes failed: Only part of a ReadProcessMemory or WriteProcessMemory request was completed. (0x12B)
[0605/161400.972:ERROR:process_memory_win.cc(73)] ReadMemory at 0x1b64e25ba80 of 64 bytes failed: Only part of a ReadProcessMemory or WriteProcessMemory request was completed. (0x12B)
[0605/161400.972:ERROR:process_memory_win.cc(73)] ReadMemory at 0x1b64e25bb20 of 62 bytes failed: Only part of a ReadProcessMemory or WriteProcessMemory request was completed. (0x12B)
[0605/161400.972:ERROR:process_memory_win.cc(73)] ReadMemory at 0x1b64e25bb70 of 64 bytes failed: Only part of a ReadProcessMemory or WriteProcessMemory request was completed. (0x12B)
[0605/161400.972:ERROR:process_memory_win.cc(73)] ReadMemory at 0x1b64e25bc10 of 60 bytes failed: Only part of a ReadProcessMemory or WriteProcessMemory request was completed. (0x12B)
[0605/161400.972:ERROR:process_memory_win.cc(73)] ReadMemory at 0x1b64e25bdf0 of 64 bytes failed: Only part of a ReadProcessMemory or WriteProcessMemory request was completed. (0x12B)
[0605/161400.972:ERROR:process_memory_win.cc(73)] ReadMemory at 0x1b64e25bee0 of 66 bytes failed: Only part of a ReadProcessMemory or WriteProcessMemory request was completed. (0x12B)
[0605/161400.972:ERROR:process_memory_win.cc(73)] ReadMemory at 0x1b64e25c0e0 of 78 bytes failed: Only part of a ReadProcessMemory or WriteProcessMemory request was completed. (0x12B)
[0605/161400.972:ERROR:process_memory_win.cc(73)] ReadMemory at 0x1b64e25c740 of 76 bytes failed: Only part of a ReadProcessMemory or WriteProcessMemory request was completed. (0x12B)
[0605/161400.972:ERROR:process_memory_win.cc(73)] ReadMemory at 0x1b64e25cf20 of 80 bytes failed: Only part of a ReadProcessMemory or WriteProcessMemory request was completed. (0x12B)
[0605/161400.972:ERROR:process_memory_win.cc(73)] ReadMemory at 0x1b64e25d080 of 62 bytes failed: Only part of a ReadProcessMemory or WriteProcessMemory request was completed. (0x12B)
[0605/161400.972:ERROR:process_memory_win.cc(73)] ReadMemory at 0x1b64e25d120 of 64 bytes failed: Only part of a ReadProcessMemory or WriteProcessMemory request was completed. (0x12B)
[0605/161400.972:ERROR:process_memory_win.cc(73)] ReadMemory at 0x1b64e25d300 of 62 bytes failed: Only part of a ReadProcessMemory or WriteProcessMemory request was completed. (0x12B)
[0605/161400.972:ERROR:process_memory_win.cc(73)] ReadMemory at 0x1b64e25d350 of 60 bytes failed: Only part of a ReadProcessMemory or WriteProcessMemory request was completed. (0x12B)
[0605/161400.972:ERROR:process_memory_win.cc(73)] ReadMemory at 0x1b64e25d3a0 of 62 bytes failed: Only part of a ReadProcessMemory or WriteProcessMemory request was completed. (0x12B)
[0605/161400.976:ERROR:process_memory_win.cc(73)] ReadMemory at 0x1b64e25d490 of 62 bytes failed: Only part of a ReadProcessMemory or WriteProcessMemory request was completed. (0x12B)
[0605/161400.976:ERROR:process_memory_win.cc(73)] ReadMemory at 0x1b64e25d4e0 of 60 bytes failed: Only part of a ReadProcessMemory or WriteProcessMemory request was completed. (0x12B)
[0605/161400.976:ERROR:process_memory_win.cc(73)] ReadMemory at 0x1b64e25d580 of 58 bytes failed: Only part of a ReadProcessMemory or WriteProcessMemory request was completed. (0x12B)
[0605/161400.976:ERROR:process_memory_win.cc(73)] ReadMemory at 0x1b64e25d5d0 of 64 bytes failed: Only part of a ReadProcessMemory or WriteProcessMemory request was completed. (0x12B)
[0605/161400.976:ERROR:process_memory_win.cc(73)] ReadMemory at 0x1b64e25d620 of 66 bytes failed: Only part of a ReadProcessMemory or WriteProcessMemory request was completed. (0x12B)
[0605/161400.976:ERROR:process_memory_win.cc(73)] ReadMemory at 0x1b64e25d670 of 64 bytes failed: Only part of a ReadProcessMemory or WriteProcessMemory request was completed. (0x12B)
[0605/161400.976:ERROR:process_memory_win.cc(73)] ReadMemory at 0x1b64e25d990 of 60 bytes failed: Only part of a ReadProcessMemory or WriteProcessMemory request was completed. (0x12B)
[0605/161400.976:ERROR:process_memory_win.cc(73)] ReadMemory at 0x1b64e25da30 of 62 bytes failed: Only part of a ReadProcessMemory or WriteProcessMemory request was completed. (0x12B)
[0605/161400.976:ERROR:process_memory_win.cc(73)] ReadMemory at 0x1b64e25dad0 of 62 bytes failed: Only part of a ReadProcessMemory or WriteProcessMemory request was completed. (0x12B)
[0605/161400.976:ERROR:process_memory_win.cc(73)] ReadMemory at 0x1b64e25db20 of 64 bytes failed: Only part of a ReadProcessMemory or WriteProcessMemory request was completed. (0x12B)
[0605/161400.976:ERROR:process_memory_win.cc(73)] ReadMemory at 0x1b64e25dc60 of 62 bytes failed: Only part of a ReadProcessMemory or WriteProcessMemory request was completed. (0x12B)
[0605/161400.976:ERROR:process_memory_win.cc(73)] ReadMemory at 0x1b64e25dd00 of 60 bytes failed: Only part of a ReadProcessMemory or WriteProcessMemory request was completed. (0x12B)
[0605/161400.976:ERROR:process_memory_win.cc(73)] ReadMemory at 0x1b64e25dee0 of 62 bytes failed: Only part of a ReadProcessMemory or WriteProcessMemory request was completed. (0x12B)
[0605/161400.976:ERROR:process_memory_win.cc(73)] ReadMemory at 0x1b64e25df30 of 62 bytes failed: Only part of a ReadProcessMemory or WriteProcessMemory request was completed. (0x12B)
[0605/161400.976:ERROR:process_memory_win.cc(73)] ReadMemory at 0x1b64e25df80 of 64 bytes failed: Only part of a ReadProcessMemory or WriteProcessMemory request was completed. (0x12B)
[0605/161400.976:ERROR:process_memory_win.cc(73)] ReadMemory at 0x1b64e260c50 of 54 bytes failed: Only part of a ReadProcessMemory or WriteProcessMemory request was completed. (0x12B)
[0605/161400.976:ERROR:process_memory_win.cc(73)] ReadMemory at 0x1b64e260fd0 of 132 bytes failed: Only part of a ReadProcessMemory or WriteProcessMemory request was completed. (0x12B)
[0605/161400.976:ERROR:process_memory_win.cc(73)] ReadMemory at 0x1b64e261100 of 132 bytes failed: Only part of a ReadProcessMemory or WriteProcessMemory request was completed. (0x12B)
[0605/161400.976:ERROR:process_memory_win.cc(73)] ReadMemory at 0x1b64e264630 of 132 bytes failed: Only part of a ReadProcessMemory or WriteProcessMemory request was completed. (0x12B)
[0605/161400.976:ERROR:process_memory_win.cc(73)] ReadMemory at 0x1b64e264960 of 132 bytes failed: Only part of a ReadProcessMemory or WriteProcessMemory request was completed. (0x12B)
[0605/161400.976:ERROR:process_memory_win.cc(73)] ReadMemory at 0x1b64e264bc0 of 132 bytes failed: Only part of a ReadProcessMemory or WriteProcessMemory request was completed. (0x12B)
[0605/161400.976:ERROR:process_memory_win.cc(73)] ReadMemory at 0x1b64e264cf0 of 132 bytes failed: Only part of a ReadProcessMemory or WriteProcessMemory request was completed. (0x12B)
[0605/161400.976:ERROR:process_memory_win.cc(73)] ReadMemory at 0x1b64e264e20 of 132 bytes failed: Only part of a ReadProcessMemory or WriteProcessMemory request was completed. (0x12B)
[0605/161400.976:ERROR:process_memory_win.cc(73)] ReadMemory at 0x1b64e264f50 of 132 bytes failed: Only part of a ReadProcessMemory or WriteProcessMemory request was completed. (0x12B)
[0605/161400.976:ERROR:process_memory_win.cc(73)] ReadMemory at 0x1b64e265080 of 132 bytes failed: Only part of a ReadProcessMemory or WriteProcessMemory request was completed. (0x12B)
[0605/161400.976:ERROR:process_memory_win.cc(73)] ReadMemory at 0x1b64e2651b0 of 132 bytes failed: Only part of a ReadProcessMemory or WriteProcessMemory request was completed. (0x12B)
[0605/161400.976:ERROR:process_memory_win.cc(73)] ReadMemory at 0x1b64e2652e0 of 132 bytes failed: Only part of a ReadProcessMemory or WriteProcessMemory request was completed. (0x12B)
[0605/161400.976:ERROR:process_memory_win.cc(73)] ReadMemory at 0x1b64e265410 of 132 bytes failed: Only part of a ReadProcessMemory or WriteProcessMemory request was completed. (0x12B)
[0605/161400.976:ERROR:process_memory_win.cc(73)] ReadMemory at 0x1b64e265540 of 132 bytes failed: Only part of a ReadProcessMemory or WriteProcessMemory request was completed. (0x12B)
[0605/161400.976:ERROR:process_memory_win.cc(73)] ReadMemory at 0x1b64e265670 of 132 bytes failed: Only part of a ReadProcessMemory or WriteProcessMemory request was completed. (0x12B)
[0605/161400.976:ERROR:process_memory_win.cc(73)] ReadMemory at 0x1b64e2657a0 of 132 bytes failed: Only part of a ReadProcessMemory or WriteProcessMemory request was completed. (0x12B)
[0605/161400.976:ERROR:process_memory_win.cc(73)] ReadMemory at 0x1b64e266990 of 132 bytes failed: Only part of a ReadProcessMemory or WriteProcessMemory request was completed. (0x12B)
[0605/161400.976:ERROR:process_memory_win.cc(73)] ReadMemory at 0x1b64e266ac0 of 132 bytes failed: Only part of a ReadProcessMemory or WriteProcessMemory request was completed. (0x12B)
[0605/161400.976:ERROR:process_memory_win.cc(73)] ReadMemory at 0x1b64e266bf0 of 132 bytes failed: Only part of a ReadProcessMemory or WriteProcessMemory request was completed. (0x12B)
[0605/161400.976:ERROR:process_memory_win.cc(73)] ReadMemory at 0x1b64e266d20 of 132 bytes failed: Only part of a ReadProcessMemory or WriteProcessMemory request was completed. (0x12B)
[0605/161400.976:ERROR:process_memory_win.cc(73)] ReadMemory at 0x1b64e266e50 of 132 bytes failed: Only part of a ReadProcessMemory or WriteProcessMemory request was completed. (0x12B)
[0605/161400.976:ERROR:process_memory_win.cc(73)] ReadMemory at 0x1b64e266f80 of 132 bytes failed: Only part of a ReadProcessMemory or WriteProcessMemory request was completed. (0x12B)
[0605/161400.976:ERROR:process_memory_win.cc(73)] ReadMemory at 0x1b64e2670b0 of 132 bytes failed: Only part of a ReadProcessMemory or WriteProcessMemory request was completed. (0x12B)
[0605/161400.976:ERROR:process_memory_win.cc(73)] ReadMemory at 0x1b64e267310 of 132 bytes failed: Only part of a ReadProcessMemory or WriteProcessMemory request was completed. (0x12B)
[0605/161400.976:ERROR:process_memory_win.cc(73)] ReadMemory at 0x1b64e267440 of 132 bytes failed: Only part of a ReadProcessMemory or WriteProcessMemory request was completed. (0x12B)
[0605/161400.976:ERROR:process_memory_win.cc(73)] ReadMemory at 0x1b64e2676a0 of 132 bytes failed: Only part of a ReadProcessMemory or WriteProcessMemory request was completed. (0x12B)
[0605/161400.976:ERROR:process_memory_win.cc(73)] ReadMemory at 0x1b64e2677d0 of 132 bytes failed: Only part of a ReadProcessMemory or WriteProcessMemory request was completed. (0x12B)
[0605/161400.976:ERROR:process_memory_win.cc(73)] ReadMemory at 0x1b64e267900 of 132 bytes failed: Only part of a ReadProcessMemory or WriteProcessMemory request was completed. (0x12B)
[0605/161400.976:ERROR:process_memory_win.cc(73)] ReadMemory at 0x1b64e267a30 of 132 bytes failed: Only part of a ReadProcessMemory or WriteProcessMemory request was completed. (0x12B)
[0605/161400.976:ERROR:process_memory_win.cc(73)] ReadMemory at 0x1b64e267b60 of 132 bytes failed: Only part of a ReadProcessMemory or WriteProcessMemory request was completed. (0x12B)
[0605/161400.976:ERROR:process_memory_win.cc(73)] ReadMemory at 0x1b64e267c90 of 132 bytes failed: Only part of a ReadProcessMemory or WriteProcessMemory request was completed. (0x12B)
[0605/161400.976:ERROR:process_memory_win.cc(73)] ReadMemory at 0x1b64e267dc0 of 132 bytes failed: Only part of a ReadProcessMemory or WriteProcessMemory request was completed. (0x12B)
[0605/161400.976:ERROR:process_memory_win.cc(73)] ReadMemory at 0x1b64e267ef0 of 132 bytes failed: Only part of a ReadProcessMemory or WriteProcessMemory request was completed. (0x12B)
[0605/161400.976:ERROR:process_memory_win.cc(73)] ReadMemory at 0x1b64e268020 of 132 bytes failed: Only part of a ReadProcessMemory or WriteProcessMemory request was completed. (0x12B)
[0605/161400.976:ERROR:process_memory_win.cc(73)] ReadMemory at 0x1b64e268150 of 132 bytes failed: Only part of a ReadProcessMemory or WriteProcessMemory request was completed. (0x12B)
[0605/161400.976:ERROR:process_memory_win.cc(73)] ReadMemory at 0x1b64e268280 of 132 bytes failed: Only part of a ReadProcessMemory or WriteProcessMemory request was completed. (0x12B)
[0605/161400.976:ERROR:process_memory_win.cc(73)] ReadMemory at 0x1b64e2684e0 of 132 bytes failed: Only part of a ReadProcessMemory or WriteProcessMemory request was completed. (0x12B)
[0605/161400.976:ERROR:process_memory_win.cc(73)] ReadMemory at 0x1b64e27ae90 of 58 bytes failed: Only part of a ReadProcessMemory or WriteProcessMemory request was completed. (0x12B)
[0605/161400.976:ERROR:process_memory_win.cc(73)] ReadMemory at 0x1b64e27b0c0 of 60 bytes failed: Only part of a ReadProcessMemory or WriteProcessMemory request was completed. (0x12B)
[0605/161400.976:ERROR:process_memory_win.cc(73)] ReadMemory at 0x1b64e27b1b0 of 62 bytes failed: Only part of a ReadProcessMemory or WriteProcessMemory request was completed. (0x12B)
[0605/161400.976:ERROR:process_memory_win.cc(73)] ReadMemory at 0x1b64e27b480 of 58 bytes failed: Only part of a ReadProcessMemory or WriteProcessMemory request was completed. (0x12B)
[0605/161400.976:ERROR:process_memory_win.cc(73)] ReadMemory at 0x1b64e27b890 of 66 bytes failed: Only part of a ReadProcessMemory or WriteProcessMemory request was completed. (0x12B)
[0605/161400.976:ERROR:process_memory_win.cc(73)] ReadMemory at 0x1b64e27b9d0 of 60 bytes failed: Only part of a ReadProcessMemory or WriteProcessMemory request was completed. (0x12B)
[0605/161400.976:ERROR:process_memory_win.cc(73)] ReadMemory at 0x1b64e27bb10 of 62 bytes failed: Only part of a ReadProcessMemory or WriteProcessMemory request was completed. (0x12B)
[0605/161400.976:ERROR:process_memory_win.cc(73)] ReadMemory at 0x1b64e27bc50 of 58 bytes failed: Only part of a ReadProcessMemory or WriteProcessMemory request was completed. (0x12B)
[0605/161400.976:ERROR:process_memory_win.cc(73)] ReadMemory at 0x1b64e285270 of 512 bytes failed: Only part of a ReadProcessMemory or WriteProcessMemory request was completed. (0x12B)
[0605/161400.976:ERROR:process_memory_win.cc(73)] ReadMemory at 0x1b64e288710 of 512 bytes failed: Only part of a ReadProcessMemory or WriteProcessMemory request was completed. (0x12B)
[0605/161400.976:ERROR:process_memory_win.cc(73)] ReadMemory at 0x1b64e5c0000 of 384 bytes failed: Only part of a ReadProcessMemory or WriteProcessMemory request was completed. (0x12B)
[0605/161400.976:ERROR:process_memory_win.cc(73)] ReadMemory at 0x1b64e5c0c40 of 512 bytes failed: Only part of a ReadProcessMemory or WriteProcessMemory request was completed. (0x12B)
[0605/161400.976:ERROR:process_memory_win.cc(73)] ReadMemory at 0x1b64e5c2800 of 512 bytes failed: Only part of a ReadProcessMemory or WriteProcessMemory request was completed. (0x12B)
[0605/161400.976:ERROR:process_memory_win.cc(73)] ReadMemory at 0x1b64e620000 of 384 bytes failed: Only part of a ReadProcessMemory or WriteProcessMemory request was completed. (0x12B)
[0605/161400.976:ERROR:process_memory_win.cc(73)] ReadMemory at 0x1b64e6202ac of 512 bytes failed: Only part of a ReadProcessMemory or WriteProcessMemory request was completed. (0x12B)
[0605/161400.980:ERROR:process_memory_win.cc(73)] ReadMemory at 0x1b64e9f0000 of 384 bytes failed: Only part of a ReadProcessMemory or WriteProcessMemory request was completed. (0x12B)
[0605/161400.980:ERROR:process_memory_win.cc(73)] ReadMemory at 0x1b64ea3d5c0 of 512 bytes failed: Only part of a ReadProcessMemory or WriteProcessMemory request was completed. (0x12B)
[0605/161400.980:ERROR:process_memory_win.cc(73)] ReadMemory at 0x1b64ea40910 of 512 bytes failed: Only part of a ReadProcessMemory or WriteProcessMemory request was completed. (0x12B)
[0605/161400.980:ERROR:process_memory_win.cc(73)] ReadMemory at 0x1b64ea481b0 of 712 bytes failed: Only part of a ReadProcessMemory or WriteProcessMemory request was completed. (0x12B)
[0605/161400.980:ERROR:process_memory_win.cc(73)] ReadMemory at 0x1b64ea4cbc0 of 512 bytes failed: Only part of a ReadProcessMemory or WriteProcessMemory request was completed. (0x12B)
[0605/161400.980:ERROR:process_memory_win.cc(73)] ReadMemory at 0x1b64eac8e30 of 512 bytes failed: Only part of a ReadProcessMemory or WriteProcessMemory request was completed. (0x12B)
[0605/161400.980:ERROR:process_memory_win.cc(73)] ReadMemory at 0x1b64eacde30 of 512 bytes failed: Only part of a ReadProcessMemory or WriteProcessMemory request was completed. (0x12B)
[0605/161400.980:ERROR:process_memory_win.cc(73)] ReadMemory at 0x1b6503028b0 of 512 bytes failed: Only part of a ReadProcessMemory or WriteProcessMemory request was completed. (0x12B)
[0605/161400.980:ERROR:process_memory_win.cc(73)] ReadMemory at 0x1b65030c0b0 of 512 bytes failed: Only part of a ReadProcessMemory or WriteProcessMemory request was completed. (0x12B)
[0605/161400.980:ERROR:process_memory_win.cc(73)] ReadMemory at 0x1b650373ab0 of 512 bytes failed: Only part of a ReadProcessMemory or WriteProcessMemory request was completed. (0x12B)
[0605/161400.980:ERROR:process_memory_win.cc(73)] ReadMemory at 0x1b6503ae318 of 512 bytes failed: Only part of a ReadProcessMemory or WriteProcessMemory request was completed. (0x12B)
[0605/161400.980:ERROR:process_memory_win.cc(73)] ReadMemory at 0x1b6509dbde0 of 512 bytes failed: Only part of a ReadProcessMemory or WriteProcessMemory request was completed. (0x12B)
[0605/161400.980:ERROR:process_memory_win.cc(73)] ReadMemory at 0x1b650a0fd60 of 512 bytes failed: Only part of a ReadProcessMemory or WriteProcessMemory request was completed. (0x12B)
[0605/161400.980:ERROR:process_memory_win.cc(73)] ReadMemory at 0x1b65201c520 of 528 bytes failed: Only part of a ReadProcessMemory or WriteProcessMemory request was completed. (0x12B)
[0605/161400.980:ERROR:process_memory_win.cc(73)] ReadMemory at 0x1b65218cd60 of 512 bytes failed: Only part of a ReadProcessMemory or WriteProcessMemory request was completed. (0x12B)
[0605/161400.980:ERROR:process_memory_win.cc(73)] ReadMemory at 0x1b65218e000 of 872 bytes failed: Only part of a ReadProcessMemory or WriteProcessMemory request was completed. (0x12B)
[0605/161400.980:ERROR:process_memory_win.cc(73)] ReadMemory at 0x1b6523dce78 of 512 bytes failed: Only part of a ReadProcessMemory or WriteProcessMemory request was completed. (0x12B)
[0605/161400.980:ERROR:process_memory_win.cc(73)] ReadMemory at 0x1b652791fb0 of 512 bytes failed: Only part of a ReadProcessMemory or WriteProcessMemory request was completed. (0x12B)
[0605/161400.980:ERROR:process_memory_win.cc(73)] ReadMemory at 0x1b652793a30 of 528 bytes failed: Only part of a ReadProcessMemory or WriteProcessMemory request was completed. (0x12B)
[0605/161400.980:ERROR:process_memory_win.cc(73)] ReadMemory at 0x1b65279d7a0 of 512 bytes failed: Only part of a ReadProcessMemory or WriteProcessMemory request was completed. (0x12B)
[0605/161400.980:ERROR:process_memory_win.cc(73)] ReadMemory at 0x1b6552d87b0 of 512 bytes failed: Only part of a ReadProcessMemory or WriteProcessMemory request was completed. (0x12B)
[0605/161400.980:ERROR:process_memory_win.cc(73)] ReadMemory at 0x48c4fd2755cc of 512 bytes failed: Only part of a ReadProcessMemory or WriteProcessMemory request was completed. (0x12B)
[0605/161400.980:ERROR:process_memory_win.cc(73)] ReadMemory at 0x640608040000 of 384 bytes failed: Only part of a ReadProcessMemory or WriteProcessMemory request was completed. (0x12B)
[0605/161400.980:ERROR:process_memory_win.cc(73)] ReadMemory at 0x6406083cbe88 of 512 bytes failed: Only part of a ReadProcessMemory or WriteProcessMemory request was completed. (0x12B)
[0605/161400.980:ERROR:process_memory_win.cc(73)] ReadMemory at 0x7ffae74e7d4b of 512 bytes failed: Only part of a ReadProcessMemory or WriteProcessMemory request was completed. (0x12B)
[0605/161400.980:ERROR:process_memory_win.cc(73)] ReadMemory at 0x7ffae974806c of 512 bytes failed: Only part of a ReadProcessMemory or WriteProcessMemory request was completed. (0x12B)
[0605/161400.980:ERROR:process_memory_win.cc(73)] ReadMemory at 0x7ffae98f2681 of 512 bytes failed: Only part of a ReadProcessMemory or WriteProcessMemory request was completed. (0x12B)
[0605/161400.980:ERROR:process_memory_win.cc(73)] ReadMemory at 0x7ffb6d46a719 of 512 bytes failed: Only part of a ReadProcessMemory or WriteProcessMemory request was completed. (0x12B)
[0605/161400.980:ERROR:process_memory_win.cc(73)] ReadMemory at 0x7ffb6d69c6e0 of 512 bytes failed: Only part of a ReadProcessMemory or WriteProcessMemory request was completed. (0x12B)
[0605/161400.980:ERROR:process_memory_win.cc(73)] ReadMemory at 0x7ffb7011d082 of 512 bytes failed: Only part of a ReadProcessMemory or WriteProcessMemory request was completed. (0x12B)
[0605/161400.980:ERROR:process_memory_win.cc(73)] ReadMemory at 0x7ffb7017c074 of 672 bytes failed: Only part of a ReadProcessMemory or WriteProcessMemory request was completed. (0x12B)
[0605/161400.980:ERROR:process_memory_win.cc(73)] ReadMemory at 0x7ffb7017c674 of 512 bytes failed: Only part of a ReadProcessMemory or WriteProcessMemory request was completed. (0x12B)
[0605/161400.980:ERROR:process_memory_win.cc(73)] ReadMemory at 0x7ffb7017f924 of 608 bytes failed: Only part of a ReadProcessMemory or WriteProcessMemory request was completed. (0x12B)
[0605/161400.980:ERROR:process_memory_win.cc(73)] ReadMemory at 0x7ffb70185ebc of 512 bytes failed: Only part of a ReadProcessMemory or WriteProcessMemory request was completed. (0x12B)
[0605/161400.980:ERROR:process_memory_win.cc(73)] ReadMemory at 0x7ffb702010f0 of 512 bytes failed: Only part of a ReadProcessMemory or WriteProcessMemory request was completed. (0x12B)
[0605/161400.980:ERROR:process_memory_win.cc(73)] ReadMemory at 0x7ffb7020c428 of 18 bytes failed: Only part of a ReadProcessMemory or WriteProcessMemory request was completed. (0x12B)
[0605/161400.980:ERROR:process_memory_win.cc(73)] ReadMemory at 0x7ffb7023f4f8 of 40 bytes failed: Only part of a ReadProcessMemory or WriteProcessMemory request was completed. (0x12B)
[0605/161400.980:ERROR:process_memory_win.cc(73)] ReadMemory at 0x7ffb7023f978 of 48 bytes failed: Only part of a ReadProcessMemory or WriteProcessMemory request was completed. (0x12B)
[0605/161400.980:ERROR:process_memory_win.cc(73)] ReadMemory at 0x7ffb702453c0 of 64 bytes failed: Only part of a ReadProcessMemory or WriteProcessMemory request was completed. (0x12B)
[0605/161400.983:ERROR:scoped_process_suspend.cc(40)] NtResumeProcess: An attempt was made to access an exiting process. (0xc000010a)
